input_file :  all
(p,w,k)-Mer :  1 3 3
param_file :  params_all_3_3
output_file :  all_3_3
Seq Length 685597124
Using cuda
Vocab Size 64
====> Epoch: 1 Average loss: 5.5386435650
Loss went from 100000000.0000 to 5.5386
====> Epoch: 2 Average loss: 5.4858481438
Loss went from 5.5386 to 5.4858
====> Epoch: 3 Average loss: 5.4728829415
Loss went from 5.4858 to 5.4729
====> Epoch: 4 Average loss: 5.4661930877
Loss went from 5.4729 to 5.4662
====> Epoch: 5 Average loss: 5.4619069162
Loss went from 5.4662 to 5.4619
====> Epoch: 6 Average loss: 5.4588452743
Loss went from 5.4619 to 5.4588
====> Epoch: 7 Average loss: 5.4565053617
Loss went from 5.4588 to 5.4565
====> Epoch: 8 Average loss: 5.4546503109
Loss went from 5.4565 to 5.4547
====> Epoch: 9 Average loss: 5.4531176681
Loss went from 5.4547 to 5.4531
====> Epoch: 10 Average loss: 5.4518234327
Loss went from 5.4531 to 5.4518
====> Epoch: 11 Average loss: 5.4507170524
Loss went from 5.4518 to 5.4507
====> Epoch: 12 Average loss: 5.4497572855
Loss went from 5.4507 to 5.4498
====> Epoch: 13 Average loss: 5.4489113666
Loss went from 5.4498 to 5.4489
====> Epoch: 14 Average loss: 5.4481581323
Loss went from 5.4489 to 5.4482
====> Epoch: 15 Average loss: 5.4474823622
Loss went from 5.4482 to 5.4475
====> Epoch: 16 Average loss: 5.4468735521
Loss went from 5.4475 to 5.4469
====> Epoch: 17 Average loss: 5.4463171716
Loss went from 5.4469 to 5.4463
====> Epoch: 18 Average loss: 5.4458048000
Loss went from 5.4463 to 5.4458
====> Epoch: 19 Average loss: 5.4453374160
Loss went from 5.4458 to 5.4453
====> Epoch: 20 Average loss: 5.4449003239
Loss went from 5.4453 to 5.4449
====> Epoch: 21 Average loss: 5.4444912426
Loss went from 5.4449 to 5.4445
====> Epoch: 22 Average loss: 5.4441166322
Loss went from 5.4445 to 5.4441
====> Epoch: 23 Average loss: 5.4437625875
Loss went from 5.4441 to 5.4438
====> Epoch: 24 Average loss: 5.4434261007
Loss went from 5.4438 to 5.4434
====> Epoch: 25 Average loss: 5.4431092111
Loss went from 5.4434 to 5.4431
====> Epoch: 26 Average loss: 5.4428136948
Loss went from 5.4431 to 5.4428
====> Epoch: 27 Average loss: 5.4425314295
Loss went from 5.4428 to 5.4425
====> Epoch: 28 Average loss: 5.4422625465
Loss went from 5.4425 to 5.4423
====> Epoch: 29 Average loss: 5.4420074560
Loss went from 5.4423 to 5.4420
====> Epoch: 30 Average loss: 5.4417636327
Loss went from 5.4420 to 5.4418
====> Epoch: 31 Average loss: 5.4415333302
Loss went from 5.4418 to 5.4415
====> Epoch: 32 Average loss: 5.4413126893
Loss went from 5.4415 to 5.4413
====> Epoch: 33 Average loss: 5.4411026608
Loss went from 5.4413 to 5.4411
====> Epoch: 34 Average loss: 5.4408994885
Loss went from 5.4411 to 5.4409
====> Epoch: 35 Average loss: 5.4407053809
Loss went from 5.4409 to 5.4407
====> Epoch: 36 Average loss: 5.4405177477
Loss went from 5.4407 to 5.4405
====> Epoch: 37 Average loss: 5.4403387967
Loss went from 5.4405 to 5.4403
====> Epoch: 38 Average loss: 5.4401640562
Loss went from 5.4403 to 5.4402
====> Epoch: 39 Average loss: 5.4399963407
Loss went from 5.4402 to 5.4400
====> Epoch: 40 Average loss: 5.4398361172
Loss went from 5.4400 to 5.4398
====> Epoch: 41 Average loss: 5.4396823291
Loss went from 5.4398 to 5.4397
====> Epoch: 42 Average loss: 5.4395280533
Loss went from 5.4397 to 5.4395
====> Epoch: 43 Average loss: 5.4393823737
Loss went from 5.4395 to 5.4394
====> Epoch: 44 Average loss: 5.4392423209
Loss went from 5.4394 to 5.4392
====> Epoch: 45 Average loss: 5.4391053441
Loss went from 5.4392 to 5.4391
====> Epoch: 46 Average loss: 5.4389717853
Loss went from 5.4391 to 5.4390
====> Epoch: 47 Average loss: 5.4388434022
Loss went from 5.4390 to 5.4388
====> Epoch: 48 Average loss: 5.4387180676
Loss went from 5.4388 to 5.4387
====> Epoch: 49 Average loss: 5.4385939167
Loss went from 5.4387 to 5.4386
====> Epoch: 50 Average loss: 5.4384766712
Loss went from 5.4386 to 5.4385
====> Epoch: 51 Average loss: 5.4383616242
Loss went from 5.4385 to 5.4384
====> Epoch: 52 Average loss: 5.4382476383
Loss went from 5.4384 to 5.4382
====> Epoch: 53 Average loss: 5.4381367085
Loss went from 5.4382 to 5.4381
====> Epoch: 54 Average loss: 5.4380299754
Loss went from 5.4381 to 5.4380
====> Epoch: 55 Average loss: 5.4379253250
Loss went from 5.4380 to 5.4379
====> Epoch: 56 Average loss: 5.4378235039
Loss went from 5.4379 to 5.4378
====> Epoch: 57 Average loss: 5.4377232876
Loss went from 5.4378 to 5.4377
====> Epoch: 58 Average loss: 5.4376264849
Loss went from 5.4377 to 5.4376
====> Epoch: 59 Average loss: 5.4375297005
Loss went from 5.4376 to 5.4375
====> Epoch: 60 Average loss: 5.4374364348
Loss went from 5.4375 to 5.4374
====> Epoch: 61 Average loss: 5.4373466742
Loss went from 5.4374 to 5.4373
====> Epoch: 62 Average loss: 5.4372562467
Loss went from 5.4373 to 5.4373
====> Epoch: 63 Average loss: 5.4371686978
Loss went from 5.4373 to 5.4372
====> Epoch: 64 Average loss: 5.4370835933
Loss went from 5.4372 to 5.4371
====> Epoch: 65 Average loss: 5.4369984787
Loss went from 5.4371 to 5.4370
====> Epoch: 66 Average loss: 5.4369157828
Loss went from 5.4370 to 5.4369
====> Epoch: 67 Average loss: 5.4368347631
Loss went from 5.4369 to 5.4368
====> Epoch: 68 Average loss: 5.4367561508
Loss went from 5.4368 to 5.4368
====> Epoch: 69 Average loss: 5.4366773608
Loss went from 5.4368 to 5.4367
====> Epoch: 70 Average loss: 5.4366012757
Loss went from 5.4367 to 5.4366
====> Epoch: 71 Average loss: 5.4365254617
Loss went from 5.4366 to 5.4365
====> Epoch: 72 Average loss: 5.4364533542
Loss went from 5.4365 to 5.4365
====> Epoch: 73 Average loss: 5.4363813895
Loss went from 5.4365 to 5.4364
====> Epoch: 74 Average loss: 5.4363105949
Loss went from 5.4364 to 5.4363
====> Epoch: 75 Average loss: 5.4362413856
Loss went from 5.4363 to 5.4362
====> Epoch: 76 Average loss: 5.4361731832
Loss went from 5.4362 to 5.4362
====> Epoch: 77 Average loss: 5.4361057538
Loss went from 5.4362 to 5.4361
====> Epoch: 78 Average loss: 5.4360401968
Loss went from 5.4361 to 5.4360
====> Epoch: 79 Average loss: 5.4359748646
Loss went from 5.4360 to 5.4360
====> Epoch: 80 Average loss: 5.4359135174
Loss went from 5.4360 to 5.4359
====> Epoch: 81 Average loss: 5.4358496478
Loss went from 5.4359 to 5.4358
====> Epoch: 82 Average loss: 5.4357868676
Loss went from 5.4358 to 5.4358
====> Epoch: 83 Average loss: 5.4357264046
Loss went from 5.4358 to 5.4357
====> Epoch: 84 Average loss: 5.4356666772
Loss went from 5.4357 to 5.4357
====> Epoch: 85 Average loss: 5.4356091893
Loss went from 5.4357 to 5.4356
====> Epoch: 86 Average loss: 5.4355520549
Loss went from 5.4356 to 5.4356
====> Epoch: 87 Average loss: 5.4354939168
Loss went from 5.4356 to 5.4355
====> Epoch: 88 Average loss: 5.4354379266
Loss went from 5.4355 to 5.4354
====> Epoch: 89 Average loss: 5.4353826275
Loss went from 5.4354 to 5.4354
====> Epoch: 90 Average loss: 5.4353299624
Loss went from 5.4354 to 5.4353
====> Epoch: 91 Average loss: 5.4352754950
Loss went from 5.4353 to 5.4353
====> Epoch: 92 Average loss: 5.4352232728
Loss went from 5.4353 to 5.4352
====> Epoch: 93 Average loss: 5.4351701456
Loss went from 5.4352 to 5.4352
====> Epoch: 94 Average loss: 5.4351193224
Loss went from 5.4352 to 5.4351
====> Epoch: 95 Average loss: 5.4350693207
Loss went from 5.4351 to 5.4351
====> Epoch: 96 Average loss: 5.4350197603
Loss went from 5.4351 to 5.4350
====> Epoch: 97 Average loss: 5.4349700152
Loss went from 5.4350 to 5.4350
====> Epoch: 98 Average loss: 5.4349214288
Loss went from 5.4350 to 5.4349
====> Epoch: 99 Average loss: 5.4348722697
Loss went from 5.4349 to 5.4349
====> Epoch: 100 Average loss: 5.4348264392
Loss went from 5.4349 to 5.4348
Model size: 2070216 B
Done
Training model time consume: 136996.84081673622
